<?xml version="1.0" encoding="UTF-8"?>
<!-- Generated by org.testng.reporters.JUnitReportReporter -->
<testsuite skipped="0" hostname="DESKTOP-LEKU5PK" name="com.testCasesOfAmazon.TestCasesForGettingPrice" tests="3" failures="0" timestamp="06 Jul 2022 09:30:13 GMT" time="34.754" errors="0">
  <testcase name="testCase2ForFlipKart" time="13.700" classname="com.testCasesOfAmazon.TestCasesForGettingPrice"/>
  <testcase name="testCase3ForComparingPrice" time="5.454" classname="com.testCasesOfAmazon.TestCasesForGettingPrice"/>
  <testcase name="testCase1ForAmazon" time="15.600" classname="com.testCasesOfAmazon.TestCasesForGettingPrice"/>
</testsuite> <!-- com.testCasesOfAmazon.TestCasesForGettingPrice -->
