<?xml version="1.0" encoding="UTF-8"?>
<!-- Generated by org.testng.reporters.JUnitReportReporter -->
<testsuite skipped="0" hostname="DESKTOP-LEKU5PK" name="com.testCasesOfAmazon.TestCasesOfAmazonHomePage" tests="1" failures="0" timestamp="05 Jul 2022 06:19:21 GMT" time="16.924" errors="0">
  <testcase name="testCase1ForAmazon" time="16.924" classname="com.testCasesOfAmazon.TestCasesOfAmazonHomePage"/>
</testsuite> <!-- com.testCasesOfAmazon.TestCasesOfAmazonHomePage -->
