<?xml version="1.0" encoding="UTF-8"?>
<!-- Generated by org.testng.reporters.JUnitReportReporter -->
<testsuite skipped="0" hostname="DESKTOP-LEKU5PK" name="com.testCasesOfGuiGeneric.TestCasesOfGenericGui" tests="2" failures="0" timestamp="05 Jul 2022 11:38:22 GMT" time="18.923" errors="0">
  <testcase name="testCase1ForValidating100Rows" time="9.987" classname="com.testCasesOfGuiGeneric.TestCasesOfGenericGui"/>
  <testcase name="testCase2ForGettingInformation" time="8.936" classname="com.testCasesOfGuiGeneric.TestCasesOfGenericGui"/>
</testsuite> <!-- com.testCasesOfGuiGeneric.TestCasesOfGenericGui -->
